Determining if the pthread_create exist failed with the following output:
Change Dir: /home/miguel/ws_moveit/build/ur_modern_driver/CMakeFiles/CMakeTmp

Run Build Command:"/usr/bin/make" "cmTC_2f1bd/fast"
/usr/bin/make -f CMakeFiles/cmTC_2f1bd.dir/build.make CMakeFiles/cmTC_2f1bd.dir/build
make[1]: Entering directory '/home/miguel/ws_moveit/build/ur_modern_driver/CMakeFiles/CMakeTmp'
Building C object CMakeFiles/cmTC_2f1bd.dir/CheckSymbolExists.c.o
/usr/bin/cc     -o CMakeFiles/cmTC_2f1bd.dir/CheckSymbolExists.c.o   -c /home/miguel/ws_moveit/build/ur_modern_driver/CMakeFiles/CMakeTmp/CheckSymbolExists.c
Linking C executable cmTC_2f1bd
/usr/bin/cmake -E cmake_link_script CMakeFiles/cmTC_2f1bd.dir/link.txt --verbose=1
/usr/bin/cc       CMakeFiles/cmTC_2f1bd.dir/CheckSymbolExists.c.o  -o cmTC_2f1bd -rdynamic 
CMakeFiles/cmTC_2f1bd.dir/CheckSymbolExists.c.o: In function `main':
CheckSymbolExists.c:(.text+0x16): undefined reference to `pthread_create'
collect2: error: ld returned 1 exit status
CMakeFiles/cmTC_2f1bd.dir/build.make:97: recipe for target 'cmTC_2f1bd' failed
make[1]: *** [cmTC_2f1bd] Error 1
make[1]: Leaving directory '/home/miguel/ws_moveit/build/ur_modern_driver/CMakeFiles/CMakeTmp'
Makefile:126: recipe for target 'cmTC_2f1bd/fast' failed
make: *** [cmTC_2f1bd/fast] Error 2

File /home/miguel/ws_moveit/build/ur_modern_driver/CMakeFiles/CMakeTmp/CheckSymbolExists.c:
/* */
#include <pthread.h>

int main(int argc, char** argv)
{
  (void)argv;
#ifndef pthread_create
  return ((int*)(&pthread_create))[argc];
#else
  (void)argc;
  return 0;
#endif
}

Determining if the function pthread_create exists in the pthreads failed with the following output:
Change Dir: /home/miguel/ws_moveit/build/ur_modern_driver/CMakeFiles/CMakeTmp

Run Build Command:"/usr/bin/make" "cmTC_683db/fast"
/usr/bin/make -f CMakeFiles/cmTC_683db.dir/build.make CMakeFiles/cmTC_683db.dir/build
make[1]: Entering directory '/home/miguel/ws_moveit/build/ur_modern_driver/CMakeFiles/CMakeTmp'
Building C object CMakeFiles/cmTC_683db.dir/CheckFunctionExists.c.o
/usr/bin/cc    -DCHECK_FUNCTION_EXISTS=pthread_create   -o CMakeFiles/cmTC_683db.dir/CheckFunctionExists.c.o   -c /usr/share/cmake-3.5/Modules/CheckFunctionExists.c
Linking C executable cmTC_683db
/usr/bin/cmake -E cmake_link_script CMakeFiles/cmTC_683db.dir/link.txt --verbose=1
/usr/bin/cc   -DCHECK_FUNCTION_EXISTS=pthread_create    CMakeFiles/cmTC_683db.dir/CheckFunctionExists.c.o  -o cmTC_683db -rdynamic -lpthreads 
/usr/bin/ld: cannot find -lpthreads
collect2: error: ld returned 1 exit status
CMakeFiles/cmTC_683db.dir/build.make:97: recipe for target 'cmTC_683db' failed
make[1]: *** [cmTC_683db] Error 1
make[1]: Leaving directory '/home/miguel/ws_moveit/build/ur_modern_driver/CMakeFiles/CMakeTmp'
Makefile:126: recipe for target 'cmTC_683db/fast' failed
make: *** [cmTC_683db/fast] Error 2


