Determining if the pthread_create exist failed with the following output:
Change Dir: /home/miguel/ws_moveit/build/catkin_tools_prebuild/CMakeFiles/CMakeTmp

Run Build Command:"/usr/bin/make" "cmTC_60a2d/fast"
/usr/bin/make -f CMakeFiles/cmTC_60a2d.dir/build.make CMakeFiles/cmTC_60a2d.dir/build
make[1]: Entering directory '/home/miguel/ws_moveit/build/catkin_tools_prebuild/CMakeFiles/CMakeTmp'
Building C object CMakeFiles/cmTC_60a2d.dir/CheckSymbolExists.c.o
/usr/bin/cc     -o CMakeFiles/cmTC_60a2d.dir/CheckSymbolExists.c.o   -c /home/miguel/ws_moveit/build/catkin_tools_prebuild/CMakeFiles/CMakeTmp/CheckSymbolExists.c
Linking C executable cmTC_60a2d
/usr/bin/cmake -E cmake_link_script CMakeFiles/cmTC_60a2d.dir/link.txt --verbose=1
/usr/bin/cc       CMakeFiles/cmTC_60a2d.dir/CheckSymbolExists.c.o  -o cmTC_60a2d -rdynamic 
CMakeFiles/cmTC_60a2d.dir/CheckSymbolExists.c.o: In function `main':
CheckSymbolExists.c:(.text+0x16): undefined reference to `pthread_create'
collect2: error: ld returned 1 exit status
CMakeFiles/cmTC_60a2d.dir/build.make:97: recipe for target 'cmTC_60a2d' failed
make[1]: *** [cmTC_60a2d] Error 1
make[1]: Leaving directory '/home/miguel/ws_moveit/build/catkin_tools_prebuild/CMakeFiles/CMakeTmp'
Makefile:126: recipe for target 'cmTC_60a2d/fast' failed
make: *** [cmTC_60a2d/fast] Error 2

File /home/miguel/ws_moveit/build/catkin_tools_prebuild/CMakeFiles/CMakeTmp/CheckSymbolExists.c:
/* */
#include <pthread.h>

int main(int argc, char** argv)
{
  (void)argv;
#ifndef pthread_create
  return ((int*)(&pthread_create))[argc];
#else
  (void)argc;
  return 0;
#endif
}

Determining if the function pthread_create exists in the pthreads failed with the following output:
Change Dir: /home/miguel/ws_moveit/build/catkin_tools_prebuild/CMakeFiles/CMakeTmp

Run Build Command:"/usr/bin/make" "cmTC_19dac/fast"
/usr/bin/make -f CMakeFiles/cmTC_19dac.dir/build.make CMakeFiles/cmTC_19dac.dir/build
make[1]: Entering directory '/home/miguel/ws_moveit/build/catkin_tools_prebuild/CMakeFiles/CMakeTmp'
Building C object CMakeFiles/cmTC_19dac.dir/CheckFunctionExists.c.o
/usr/bin/cc    -DCHECK_FUNCTION_EXISTS=pthread_create   -o CMakeFiles/cmTC_19dac.dir/CheckFunctionExists.c.o   -c /usr/share/cmake-3.5/Modules/CheckFunctionExists.c
Linking C executable cmTC_19dac
/usr/bin/cmake -E cmake_link_script CMakeFiles/cmTC_19dac.dir/link.txt --verbose=1
/usr/bin/cc   -DCHECK_FUNCTION_EXISTS=pthread_create    CMakeFiles/cmTC_19dac.dir/CheckFunctionExists.c.o  -o cmTC_19dac -rdynamic -lpthreads 
/usr/bin/ld: cannot find -lpthreads
collect2: error: ld returned 1 exit status
CMakeFiles/cmTC_19dac.dir/build.make:97: recipe for target 'cmTC_19dac' failed
make[1]: *** [cmTC_19dac] Error 1
make[1]: Leaving directory '/home/miguel/ws_moveit/build/catkin_tools_prebuild/CMakeFiles/CMakeTmp'
Makefile:126: recipe for target 'cmTC_19dac/fast' failed
make: *** [cmTC_19dac/fast] Error 2


