Determining if the pthread_create exist failed with the following output:
Change Dir: /home/miguel/ws_moveit/build/ur_msgs/CMakeFiles/CMakeTmp

Run Build Command:"/usr/bin/make" "cmTC_2007d/fast"
/usr/bin/make -f CMakeFiles/cmTC_2007d.dir/build.make CMakeFiles/cmTC_2007d.dir/build
make[1]: Entering directory '/home/miguel/ws_moveit/build/ur_msgs/CMakeFiles/CMakeTmp'
Building C object CMakeFiles/cmTC_2007d.dir/CheckSymbolExists.c.o
/usr/bin/cc     -o CMakeFiles/cmTC_2007d.dir/CheckSymbolExists.c.o   -c /home/miguel/ws_moveit/build/ur_msgs/CMakeFiles/CMakeTmp/CheckSymbolExists.c
Linking C executable cmTC_2007d
/usr/bin/cmake -E cmake_link_script CMakeFiles/cmTC_2007d.dir/link.txt --verbose=1
/usr/bin/cc       CMakeFiles/cmTC_2007d.dir/CheckSymbolExists.c.o  -o cmTC_2007d -rdynamic 
CMakeFiles/cmTC_2007d.dir/CheckSymbolExists.c.o: In function `main':
CheckSymbolExists.c:(.text+0x16): undefined reference to `pthread_create'
collect2: error: ld returned 1 exit status
CMakeFiles/cmTC_2007d.dir/build.make:97: recipe for target 'cmTC_2007d' failed
make[1]: *** [cmTC_2007d] Error 1
make[1]: Leaving directory '/home/miguel/ws_moveit/build/ur_msgs/CMakeFiles/CMakeTmp'
Makefile:126: recipe for target 'cmTC_2007d/fast' failed
make: *** [cmTC_2007d/fast] Error 2

File /home/miguel/ws_moveit/build/ur_msgs/CMakeFiles/CMakeTmp/CheckSymbolExists.c:
/* */
#include <pthread.h>

int main(int argc, char** argv)
{
  (void)argv;
#ifndef pthread_create
  return ((int*)(&pthread_create))[argc];
#else
  (void)argc;
  return 0;
#endif
}

Determining if the function pthread_create exists in the pthreads failed with the following output:
Change Dir: /home/miguel/ws_moveit/build/ur_msgs/CMakeFiles/CMakeTmp

Run Build Command:"/usr/bin/make" "cmTC_d9913/fast"
/usr/bin/make -f CMakeFiles/cmTC_d9913.dir/build.make CMakeFiles/cmTC_d9913.dir/build
make[1]: Entering directory '/home/miguel/ws_moveit/build/ur_msgs/CMakeFiles/CMakeTmp'
Building C object CMakeFiles/cmTC_d9913.dir/CheckFunctionExists.c.o
/usr/bin/cc    -DCHECK_FUNCTION_EXISTS=pthread_create   -o CMakeFiles/cmTC_d9913.dir/CheckFunctionExists.c.o   -c /usr/share/cmake-3.5/Modules/CheckFunctionExists.c
Linking C executable cmTC_d9913
/usr/bin/cmake -E cmake_link_script CMakeFiles/cmTC_d9913.dir/link.txt --verbose=1
/usr/bin/cc   -DCHECK_FUNCTION_EXISTS=pthread_create    CMakeFiles/cmTC_d9913.dir/CheckFunctionExists.c.o  -o cmTC_d9913 -rdynamic -lpthreads 
/usr/bin/ld: cannot find -lpthreads
collect2: error: ld returned 1 exit status
CMakeFiles/cmTC_d9913.dir/build.make:97: recipe for target 'cmTC_d9913' failed
make[1]: *** [cmTC_d9913] Error 1
make[1]: Leaving directory '/home/miguel/ws_moveit/build/ur_msgs/CMakeFiles/CMakeTmp'
Makefile:126: recipe for target 'cmTC_d9913/fast' failed
make: *** [cmTC_d9913/fast] Error 2


