Determining if the pthread_create exist failed with the following output:
Change Dir: /home/miguel/ws_moveit/build/ur10_moveit_config/CMakeFiles/CMakeTmp

Run Build Command:"/usr/bin/make" "cmTC_1893f/fast"
/usr/bin/make -f CMakeFiles/cmTC_1893f.dir/build.make CMakeFiles/cmTC_1893f.dir/build
make[1]: Entering directory '/home/miguel/ws_moveit/build/ur10_moveit_config/CMakeFiles/CMakeTmp'
Building C object CMakeFiles/cmTC_1893f.dir/CheckSymbolExists.c.o
/usr/bin/cc     -o CMakeFiles/cmTC_1893f.dir/CheckSymbolExists.c.o   -c /home/miguel/ws_moveit/build/ur10_moveit_config/CMakeFiles/CMakeTmp/CheckSymbolExists.c
Linking C executable cmTC_1893f
/usr/bin/cmake -E cmake_link_script CMakeFiles/cmTC_1893f.dir/link.txt --verbose=1
/usr/bin/cc       CMakeFiles/cmTC_1893f.dir/CheckSymbolExists.c.o  -o cmTC_1893f -rdynamic 
CMakeFiles/cmTC_1893f.dir/CheckSymbolExists.c.o: In function `main':
CheckSymbolExists.c:(.text+0x16): undefined reference to `pthread_create'
collect2: error: ld returned 1 exit status
CMakeFiles/cmTC_1893f.dir/build.make:97: recipe for target 'cmTC_1893f' failed
make[1]: *** [cmTC_1893f] Error 1
make[1]: Leaving directory '/home/miguel/ws_moveit/build/ur10_moveit_config/CMakeFiles/CMakeTmp'
Makefile:126: recipe for target 'cmTC_1893f/fast' failed
make: *** [cmTC_1893f/fast] Error 2

File /home/miguel/ws_moveit/build/ur10_moveit_config/CMakeFiles/CMakeTmp/CheckSymbolExists.c:
/* */
#include <pthread.h>

int main(int argc, char** argv)
{
  (void)argv;
#ifndef pthread_create
  return ((int*)(&pthread_create))[argc];
#else
  (void)argc;
  return 0;
#endif
}

Determining if the function pthread_create exists in the pthreads failed with the following output:
Change Dir: /home/miguel/ws_moveit/build/ur10_moveit_config/CMakeFiles/CMakeTmp

Run Build Command:"/usr/bin/make" "cmTC_64ec3/fast"
/usr/bin/make -f CMakeFiles/cmTC_64ec3.dir/build.make CMakeFiles/cmTC_64ec3.dir/build
make[1]: Entering directory '/home/miguel/ws_moveit/build/ur10_moveit_config/CMakeFiles/CMakeTmp'
Building C object CMakeFiles/cmTC_64ec3.dir/CheckFunctionExists.c.o
/usr/bin/cc    -DCHECK_FUNCTION_EXISTS=pthread_create   -o CMakeFiles/cmTC_64ec3.dir/CheckFunctionExists.c.o   -c /usr/share/cmake-3.5/Modules/CheckFunctionExists.c
Linking C executable cmTC_64ec3
/usr/bin/cmake -E cmake_link_script CMakeFiles/cmTC_64ec3.dir/link.txt --verbose=1
/usr/bin/cc   -DCHECK_FUNCTION_EXISTS=pthread_create    CMakeFiles/cmTC_64ec3.dir/CheckFunctionExists.c.o  -o cmTC_64ec3 -rdynamic -lpthreads 
/usr/bin/ld: cannot find -lpthreads
collect2: error: ld returned 1 exit status
CMakeFiles/cmTC_64ec3.dir/build.make:97: recipe for target 'cmTC_64ec3' failed
make[1]: *** [cmTC_64ec3] Error 1
make[1]: Leaving directory '/home/miguel/ws_moveit/build/ur10_moveit_config/CMakeFiles/CMakeTmp'
Makefile:126: recipe for target 'cmTC_64ec3/fast' failed
make: *** [cmTC_64ec3/fast] Error 2


