Determining if the pthread_create exist failed with the following output:
Change Dir: /home/miguel/ws_moveit/build/pr2_msgs/CMakeFiles/CMakeTmp

Run Build Command:"/usr/bin/make" "cmTC_60bed/fast"
/usr/bin/make -f CMakeFiles/cmTC_60bed.dir/build.make CMakeFiles/cmTC_60bed.dir/build
make[1]: Entering directory '/home/miguel/ws_moveit/build/pr2_msgs/CMakeFiles/CMakeTmp'
Building C object CMakeFiles/cmTC_60bed.dir/CheckSymbolExists.c.o
/usr/bin/cc     -o CMakeFiles/cmTC_60bed.dir/CheckSymbolExists.c.o   -c /home/miguel/ws_moveit/build/pr2_msgs/CMakeFiles/CMakeTmp/CheckSymbolExists.c
Linking C executable cmTC_60bed
/usr/bin/cmake -E cmake_link_script CMakeFiles/cmTC_60bed.dir/link.txt --verbose=1
/usr/bin/cc       CMakeFiles/cmTC_60bed.dir/CheckSymbolExists.c.o  -o cmTC_60bed -rdynamic 
CMakeFiles/cmTC_60bed.dir/CheckSymbolExists.c.o: In function `main':
CheckSymbolExists.c:(.text+0x16): undefined reference to `pthread_create'
collect2: error: ld returned 1 exit status
CMakeFiles/cmTC_60bed.dir/build.make:97: recipe for target 'cmTC_60bed' failed
make[1]: *** [cmTC_60bed] Error 1
make[1]: Leaving directory '/home/miguel/ws_moveit/build/pr2_msgs/CMakeFiles/CMakeTmp'
Makefile:126: recipe for target 'cmTC_60bed/fast' failed
make: *** [cmTC_60bed/fast] Error 2

File /home/miguel/ws_moveit/build/pr2_msgs/CMakeFiles/CMakeTmp/CheckSymbolExists.c:
/* */
#include <pthread.h>

int main(int argc, char** argv)
{
  (void)argv;
#ifndef pthread_create
  return ((int*)(&pthread_create))[argc];
#else
  (void)argc;
  return 0;
#endif
}

Determining if the function pthread_create exists in the pthreads failed with the following output:
Change Dir: /home/miguel/ws_moveit/build/pr2_msgs/CMakeFiles/CMakeTmp

Run Build Command:"/usr/bin/make" "cmTC_f18c8/fast"
/usr/bin/make -f CMakeFiles/cmTC_f18c8.dir/build.make CMakeFiles/cmTC_f18c8.dir/build
make[1]: Entering directory '/home/miguel/ws_moveit/build/pr2_msgs/CMakeFiles/CMakeTmp'
Building C object CMakeFiles/cmTC_f18c8.dir/CheckFunctionExists.c.o
/usr/bin/cc    -DCHECK_FUNCTION_EXISTS=pthread_create   -o CMakeFiles/cmTC_f18c8.dir/CheckFunctionExists.c.o   -c /usr/share/cmake-3.5/Modules/CheckFunctionExists.c
Linking C executable cmTC_f18c8
/usr/bin/cmake -E cmake_link_script CMakeFiles/cmTC_f18c8.dir/link.txt --verbose=1
/usr/bin/cc   -DCHECK_FUNCTION_EXISTS=pthread_create    CMakeFiles/cmTC_f18c8.dir/CheckFunctionExists.c.o  -o cmTC_f18c8 -rdynamic -lpthreads 
/usr/bin/ld: cannot find -lpthreads
collect2: error: ld returned 1 exit status
CMakeFiles/cmTC_f18c8.dir/build.make:97: recipe for target 'cmTC_f18c8' failed
make[1]: *** [cmTC_f18c8] Error 1
make[1]: Leaving directory '/home/miguel/ws_moveit/build/pr2_msgs/CMakeFiles/CMakeTmp'
Makefile:126: recipe for target 'cmTC_f18c8/fast' failed
make: *** [cmTC_f18c8/fast] Error 2


